cl : command line  warning D9035: option 'Gm' has been deprecated and will be removed in a future release
  pick_by_figure.cpp
D:\Year one\First sem\Programming techniques\Paint\Paint for kids\Paint\Phase2 - Code F22\Actions\pick_by_figure.cpp(47,13): warning C4244: 'argument': conversion from 'time_t' to 'unsigned int', possible loss of data
  pick_by_color.cpp
D:\Year one\First sem\Programming techniques\Paint\Paint for kids\Paint\Phase2 - Code F22\Actions\pick_by_color.cpp(43,13): warning C4244: 'argument': conversion from 'time_t' to 'unsigned int', possible loss of data
  pick_by_both.cpp
D:\Year one\First sem\Programming techniques\Paint\Paint for kids\Paint\Phase2 - Code F22\Actions\pick_by_both.cpp(212,14): warning C4244: 'argument': conversion from 'time_t' to 'unsigned int', possible loss of data
  main.cpp
  ApplicationManager.cpp
  Output.cpp
D:\Year one\First sem\Programming techniques\Paint\Paint for kids\Paint\Phase2 - Code F22\GUI\Output.cpp(152,83): warning C4244: 'argument': conversion from 'double' to 'const int', possible loss of data
D:\Year one\First sem\Programming techniques\Paint\Paint for kids\Paint\Phase2 - Code F22\GUI\Output.cpp(152,58): warning C4244: 'argument': conversion from 'double' to 'const int', possible loss of data
D:\Year one\First sem\Programming techniques\Paint\Paint for kids\Paint\Phase2 - Code F22\GUI\Output.cpp(158,83): warning C4244: 'argument': conversion from 'double' to 'const int', possible loss of data
D:\Year one\First sem\Programming techniques\Paint\Paint for kids\Paint\Phase2 - Code F22\GUI\Output.cpp(158,58): warning C4244: 'argument': conversion from 'double' to 'const int', possible loss of data
D:\Year one\First sem\Programming techniques\Paint\Paint for kids\Paint\Phase2 - Code F22\GUI\Output.cpp(166,67): warning C4244: 'argument': conversion from 'double' to 'const int', possible loss of data
D:\Year one\First sem\Programming techniques\Paint\Paint for kids\Paint\Phase2 - Code F22\GUI\Output.cpp(166,42): warning C4244: 'argument': conversion from 'double' to 'const int', possible loss of data
D:\Year one\First sem\Programming techniques\Paint\Paint for kids\Paint\Phase2 - Code F22\GUI\Output.cpp(199,69): warning C4244: 'argument': conversion from 'double' to 'const int', possible loss of data
D:\Year one\First sem\Programming techniques\Paint\Paint for kids\Paint\Phase2 - Code F22\GUI\Output.cpp(199,44): warning C4244: 'argument': conversion from 'double' to 'const int', possible loss of data
D:\Year one\First sem\Programming techniques\Paint\Paint for kids\Paint\Phase2 - Code F22\GUI\Output.cpp(363,31): warning C4244: '=': conversion from 'double' to 'int', possible loss of data
D:\Year one\First sem\Programming techniques\Paint\Paint for kids\Paint\Phase2 - Code F22\GUI\Output.cpp(366,40): warning C4244: '=': conversion from 'double' to 'int', possible loss of data
D:\Year one\First sem\Programming techniques\Paint\Paint for kids\Paint\Phase2 - Code F22\GUI\Output.cpp(369,38): warning C4838: conversion from 'double' to 'const int' requires a narrowing conversion
D:\Year one\First sem\Programming techniques\Paint\Paint for kids\Paint\Phase2 - Code F22\GUI\Output.cpp(369,38): warning C4244: 'initializing': conversion from 'double' to 'const int', possible loss of data
D:\Year one\First sem\Programming techniques\Paint\Paint for kids\Paint\Phase2 - Code F22\GUI\Output.cpp(369,75): warning C4838: conversion from 'double' to 'const int' requires a narrowing conversion
D:\Year one\First sem\Programming techniques\Paint\Paint for kids\Paint\Phase2 - Code F22\GUI\Output.cpp(369,75): warning C4244: 'initializing': conversion from 'double' to 'const int', possible loss of data
D:\Year one\First sem\Programming techniques\Paint\Paint for kids\Paint\Phase2 - Code F22\GUI\Output.cpp(369,108): warning C4838: conversion from 'double' to 'const int' requires a narrowing conversion
D:\Year one\First sem\Programming techniques\Paint\Paint for kids\Paint\Phase2 - Code F22\GUI\Output.cpp(369,108): warning C4244: 'initializing': conversion from 'double' to 'const int', possible loss of data
D:\Year one\First sem\Programming techniques\Paint\Paint for kids\Paint\Phase2 - Code F22\GUI\Output.cpp(369,145): warning C4838: conversion from 'double' to 'const int' requires a narrowing conversion
D:\Year one\First sem\Programming techniques\Paint\Paint for kids\Paint\Phase2 - Code F22\GUI\Output.cpp(369,145): warning C4244: 'initializing': conversion from 'double' to 'const int', possible loss of data
D:\Year one\First sem\Programming techniques\Paint\Paint for kids\Paint\Phase2 - Code F22\GUI\Output.cpp(401,13): warning C4244: 'initializing': conversion from 'double' to 'int', possible loss of data
D:\Year one\First sem\Programming techniques\Paint\Paint for kids\Paint\Phase2 - Code F22\GUI\Output.cpp(410,71): warning C4244: '=': conversion from 'double' to 'int', possible loss of data
D:\Year one\First sem\Programming techniques\Paint\Paint for kids\Paint\Phase2 - Code F22\GUI\Output.cpp(411,25): warning C4244: '=': conversion from 'double' to 'int', possible loss of data
  Input.cpp
D:\Year one\First sem\Programming techniques\Paint\Paint for kids\Paint\Phase2 - Code F22\GUI\Input.cpp(54,25): warning C4244: 'initializing': conversion from 'double' to 'int', possible loss of data
D:\Year one\First sem\Programming techniques\Paint\Paint for kids\Paint\Phase2 - Code F22\GUI\Input.cpp(106,25): warning C4244: 'initializing': conversion from 'double' to 'int', possible loss of data
  CTriangle.cpp
D:\Year one\First sem\Programming techniques\Paint\Paint for kids\Paint\Phase2 - Code F22\Figures\CTriangle.cpp(86,18): warning C4244: '=': conversion from 'double' to 'int', possible loss of data
D:\Year one\First sem\Programming techniques\Paint\Paint for kids\Paint\Phase2 - Code F22\Figures\CTriangle.cpp(87,18): warning C4244: '=': conversion from 'double' to 'int', possible loss of data
D:\Year one\First sem\Programming techniques\Paint\Paint for kids\Paint\Phase2 - Code F22\Figures\CTriangle.cpp(88,18): warning C4244: '=': conversion from 'double' to 'int', possible loss of data
D:\Year one\First sem\Programming techniques\Paint\Paint for kids\Paint\Phase2 - Code F22\Figures\CTriangle.cpp(89,18): warning C4244: '=': conversion from 'double' to 'int', possible loss of data
D:\Year one\First sem\Programming techniques\Paint\Paint for kids\Paint\Phase2 - Code F22\Figures\CTriangle.cpp(90,18): warning C4244: '=': conversion from 'double' to 'int', possible loss of data
D:\Year one\First sem\Programming techniques\Paint\Paint for kids\Paint\Phase2 - Code F22\Figures\CTriangle.cpp(91,18): warning C4244: '=': conversion from 'double' to 'int', possible loss of data
  CSquare.cpp
  AddRectAction.cpp
  CRectangle.cpp
D:\Year one\First sem\Programming techniques\Paint\Paint for kids\Paint\Phase2 - Code F22\Figures\CRectangle.cpp(74,18): warning C4244: '=': conversion from 'double' to 'int', possible loss of data
D:\Year one\First sem\Programming techniques\Paint\Paint for kids\Paint\Phase2 - Code F22\Figures\CRectangle.cpp(75,18): warning C4244: '=': conversion from 'double' to 'int', possible loss of data
D:\Year one\First sem\Programming techniques\Paint\Paint for kids\Paint\Phase2 - Code F22\Figures\CRectangle.cpp(76,18): warning C4244: '=': conversion from 'double' to 'int', possible loss of data
D:\Year one\First sem\Programming techniques\Paint\Paint for kids\Paint\Phase2 - Code F22\Figures\CRectangle.cpp(77,18): warning C4244: '=': conversion from 'double' to 'int', possible loss of data
  CHexagon.cpp
D:\Year one\First sem\Programming techniques\Paint\Paint for kids\Paint\Phase2 - Code F22\Figures\CHexagon.cpp(43,35): warning C4838: conversion from 'double' to 'int' requires a narrowing conversion
D:\Year one\First sem\Programming techniques\Paint\Paint for kids\Paint\Phase2 - Code F22\Figures\CHexagon.cpp(43,35): warning C4244: 'initializing': conversion from 'double' to 'int', possible loss of data
D:\Year one\First sem\Programming techniques\Paint\Paint for kids\Paint\Phase2 - Code F22\Figures\CHexagon.cpp(43,72): warning C4838: conversion from 'double' to 'int' requires a narrowing conversion
D:\Year one\First sem\Programming techniques\Paint\Paint for kids\Paint\Phase2 - Code F22\Figures\CHexagon.cpp(43,72): warning C4244: 'initializing': conversion from 'double' to 'int', possible loss of data
D:\Year one\First sem\Programming techniques\Paint\Paint for kids\Paint\Phase2 - Code F22\Figures\CHexagon.cpp(43,105): warning C4838: conversion from 'double' to 'int' requires a narrowing conversion
D:\Year one\First sem\Programming techniques\Paint\Paint for kids\Paint\Phase2 - Code F22\Figures\CHexagon.cpp(43,105): warning C4244: 'initializing': conversion from 'double' to 'int', possible loss of data
D:\Year one\First sem\Programming techniques\Paint\Paint for kids\Paint\Phase2 - Code F22\Figures\CHexagon.cpp(43,142): warning C4838: conversion from 'double' to 'int' requires a narrowing conversion
D:\Year one\First sem\Programming techniques\Paint\Paint for kids\Paint\Phase2 - Code F22\Figures\CHexagon.cpp(43,142): warning C4244: 'initializing': conversion from 'double' to 'int', possible loss of data
  CFigure.cpp
D:\Year one\First sem\Programming techniques\Paint\Paint for kids\Paint\Phase2 - Code F22\Figures\CFigure.cpp(94,11): warning C4309: 'argument': truncation of constant value
  CCircle.cpp
D:\Year one\First sem\Programming techniques\Paint\Paint for kids\Paint\Phase2 - Code F22\Figures\CCircle.cpp(67,69): warning C4244: '=': conversion from 'double' to 'int', possible loss of data
  windowinput.cpp
  mousequeue.cpp
  keyqueue.cpp
  image.cpp
D:\Year one\First sem\Programming techniques\Paint\Paint for kids\Paint\Phase2 - Code F22\CMUgraphicsLib\image.cpp(115,29): warning C4018: '<': signed/unsigned mismatch
  colors.cpp
  CMUgraphics.cpp
D:\Year one\First sem\Programming techniques\Paint\Paint for kids\Paint\Phase2 - Code F22\CMUgraphicsLib\CMUgraphics.cpp(257,9): warning C4101: 'iX': unreferenced local variable
D:\Year one\First sem\Programming techniques\Paint\Paint for kids\Paint\Phase2 - Code F22\CMUgraphicsLib\CMUgraphics.cpp(257,13): warning C4101: 'iY': unreferenced local variable
D:\Year one\First sem\Programming techniques\Paint\Paint for kids\Paint\Phase2 - Code F22\CMUgraphicsLib\CMUgraphics.cpp(751,3): warning C4996: 'strcpy': This function or variable may be unsafe. Consider using strcpy_s instead. To disable deprecation, use _CRT_SECURE_NO_WARNINGS. See online help for details.
D:\Year one\First sem\Programming techniques\Paint\Paint for kids\Paint\Phase2 - Code F22\CMUgraphicsLib\CMUgraphics.cpp(1164,2): warning C4996: 'sprintf': This function or variable may be unsafe. Consider using sprintf_s instead. To disable deprecation, use _CRT_SECURE_NO_WARNINGS. See online help for details.
D:\Year one\First sem\Programming techniques\Paint\Paint for kids\Paint\Phase2 - Code F22\CMUgraphicsLib\CMUgraphics.cpp(1171,2): warning C4996: 'sprintf': This function or variable may be unsafe. Consider using sprintf_s instead. To disable deprecation, use _CRT_SECURE_NO_WARNINGS. See online help for details.
D:\Year one\First sem\Programming techniques\Paint\Paint for kids\Paint\Phase2 - Code F22\CMUgraphicsLib\CMUgraphics.cpp(1202,2): warning C4996: 'sprintf': This function or variable may be unsafe. Consider using sprintf_s instead. To disable deprecation, use _CRT_SECURE_NO_WARNINGS. See online help for details.
D:\Year one\First sem\Programming techniques\Paint\Paint for kids\Paint\Phase2 - Code F22\CMUgraphicsLib\CMUgraphics.cpp(1210,2): warning C4996: 'sprintf': This function or variable may be unsafe. Consider using sprintf_s instead. To disable deprecation, use _CRT_SECURE_NO_WARNINGS. See online help for details.
D:\Year one\First sem\Programming techniques\Paint\Paint for kids\Paint\Phase2 - Code F22\CMUgraphicsLib\CMUgraphics.cpp(1357,23): warning C4018: '>': signed/unsigned mismatch
  Generating Code...
D:\Year one\First sem\Programming techniques\Paint\Paint for kids\Paint\Phase2 - Code F22\ApplicationManager.cpp(300): warning C4715: 'ApplicationManager::LastAction_redo': not all control paths return a value
D:\Year one\First sem\Programming techniques\Paint\Paint for kids\Paint\Phase2 - Code F22\ApplicationManager.cpp(285): warning C4715: 'ApplicationManager::LastAction_undo': not all control paths return a value
D:\Year one\First sem\Programming techniques\Paint\Paint for kids\Paint\Phase2 - Code F22\ApplicationManager.cpp(335): warning C4715: 'ApplicationManager::GetLatestFig': not all control paths return a value
D:\Year one\First sem\Programming techniques\Paint\Paint for kids\Paint\Phase2 - Code F22\ApplicationManager.cpp(323): warning C4715: 'ApplicationManager::GetFigure': not all control paths return a value
  Compiling...
  auxil.cpp
  Undo.cpp
  Switch_to_play.cpp
  SwitchToDraw.cpp
  StopRecAction.cpp
  Select.cpp
  SaveAction.cpp
  Redo.cpp
  RecordAction.cpp
  PlayRecAction.cpp
  Move.cpp
  LoadAction.cpp
  FillColorAction.cpp
  DrawColorAction.cpp
  Delete.cpp
  ClearAction.cpp
  AddTriAction.cpp
  AddSqAction.cpp
  AddHexAction.cpp
  AddCircAction.cpp
  Generating Code...
  Compiling...
  Action.cpp
  Generating Code...
cl : command line  warning D9035: option 'Gm' has been deprecated and will be removed in a future release
  jutils.c
  jquant2.c
  jquant1.c
  jmemnobs.c
  jmemmgr.c
D:\Year one\First sem\Programming techniques\Paint\Paint for kids\Paint\Phase2 - Code F22\CMUgraphicsLib\jpeg\jmemmgr.c(1103,19): warning C4996: 'getenv': This function or variable may be unsafe. Consider using _dupenv_s instead. To disable deprecation, use _CRT_SECURE_NO_WARNINGS. See online help for details.
D:\Year one\First sem\Programming techniques\Paint\Paint for kids\Paint\Phase2 - Code F22\CMUgraphicsLib\jpeg\jmemmgr.c(1106,11): warning C4996: 'sscanf': This function or variable may be unsafe. Consider using sscanf_s instead. To disable deprecation, use _CRT_SECURE_NO_WARNINGS. See online help for details.
  jidctred.c
  jidctint.c
  jidctfst.c
  jidctflt.c
  jerror.c
D:\Year one\First sem\Programming techniques\Paint\Paint for kids\Paint\Phase2 - Code F22\CMUgraphicsLib\jpeg\jerror.c(169,5): warning C4996: 'sprintf': This function or variable may be unsafe. Consider using sprintf_s instead. To disable deprecation, use _CRT_SECURE_NO_WARNINGS. See online help for details.
D:\Year one\First sem\Programming techniques\Paint\Paint for kids\Paint\Phase2 - Code F22\CMUgraphicsLib\jpeg\jerror.c(171,5): warning C4996: 'sprintf': This function or variable may be unsafe. Consider using sprintf_s instead. To disable deprecation, use _CRT_SECURE_NO_WARNINGS. See online help for details.
  jdtrans.c
  jdsample.c
  jdpostct.c
  jdphuff.c
  jdmerge.c
  jdmaster.c
  jdmarker.c
  jdmainct.c
  jdinput.c
  jdhuff.c
  Generating Code...
  Compiling...
  jddctmgr.c
  jdcolor.c
  jdcoefct.c
  jdatasrc.c
  jdapistd.c
  jdapimin.c
  jcparam.c
  jcomapi.c
  jpegload.c
D:\Year one\First sem\Programming techniques\Paint\Paint for kids\Paint\Phase2 - Code F22\CMUgraphicsLib\jpegload.c(23,12): warning C4996: 'fopen': This function or variable may be unsafe. Consider using fopen_s instead. To disable deprecation, use _CRT_SECURE_NO_WARNINGS. See online help for details.
  Generating Code...
  PT-Project.vcxproj -> D:\Year one\First sem\Programming techniques\Paint\Paint for kids\Paint\Phase2 - Code F22\Debug\PT Project.exe
