cl : command line  warning D9035: option 'Gm' has been deprecated and will be removed in a future release
  TestCode.cpp
  Output.cpp
D:\Year one\Programming techniques\Paint\Project\Phase1 - Code F23\Phase1 - Code F22\GUI\Output.cpp(117,64): warning C4244: 'argument': conversion from 'double' to 'const int', possible loss of data
D:\Year one\Programming techniques\Paint\Project\Phase1 - Code F23\Phase1 - Code F22\GUI\Output.cpp(117,40): warning C4244: 'argument': conversion from 'double' to 'const int', possible loss of data
D:\Year one\Programming techniques\Paint\Project\Phase1 - Code F23\Phase1 - Code F22\GUI\Output.cpp(146,67): warning C4244: 'argument': conversion from 'double' to 'const int', possible loss of data
D:\Year one\Programming techniques\Paint\Project\Phase1 - Code F23\Phase1 - Code F22\GUI\Output.cpp(146,42): warning C4244: 'argument': conversion from 'double' to 'const int', possible loss of data
D:\Year one\Programming techniques\Paint\Project\Phase1 - Code F23\Phase1 - Code F22\GUI\Output.cpp(252,38): warning C4838: conversion from 'double' to 'const int' requires a narrowing conversion
D:\Year one\Programming techniques\Paint\Project\Phase1 - Code F23\Phase1 - Code F22\GUI\Output.cpp(252,38): warning C4244: 'initializing': conversion from 'double' to 'const int', possible loss of data
D:\Year one\Programming techniques\Paint\Project\Phase1 - Code F23\Phase1 - Code F22\GUI\Output.cpp(252,75): warning C4838: conversion from 'double' to 'const int' requires a narrowing conversion
D:\Year one\Programming techniques\Paint\Project\Phase1 - Code F23\Phase1 - Code F22\GUI\Output.cpp(252,75): warning C4244: 'initializing': conversion from 'double' to 'const int', possible loss of data
D:\Year one\Programming techniques\Paint\Project\Phase1 - Code F23\Phase1 - Code F22\GUI\Output.cpp(252,108): warning C4838: conversion from 'double' to 'const int' requires a narrowing conversion
D:\Year one\Programming techniques\Paint\Project\Phase1 - Code F23\Phase1 - Code F22\GUI\Output.cpp(252,108): warning C4244: 'initializing': conversion from 'double' to 'const int', possible loss of data
D:\Year one\Programming techniques\Paint\Project\Phase1 - Code F23\Phase1 - Code F22\GUI\Output.cpp(252,145): warning C4838: conversion from 'double' to 'const int' requires a narrowing conversion
D:\Year one\Programming techniques\Paint\Project\Phase1 - Code F23\Phase1 - Code F22\GUI\Output.cpp(252,145): warning C4244: 'initializing': conversion from 'double' to 'const int', possible loss of data
D:\Year one\Programming techniques\Paint\Project\Phase1 - Code F23\Phase1 - Code F22\GUI\Output.cpp(275,13): warning C4244: 'initializing': conversion from 'double' to 'int', possible loss of data
  Input.cpp
D:\Year one\Programming techniques\Paint\Project\Phase1 - Code F23\Phase1 - Code F22\GUI\Input.cpp(48,25): warning C4244: 'initializing': conversion from 'double' to 'int', possible loss of data
  Generating Code...
  LINK : .\Debug\PT Project.exe not found or not built by the last incremental link; performing full link
auxil.obj : warning LNK4075: ignoring '/EDITANDCONTINUE' due to '/SAFESEH' specification
  PT-Project.vcxproj -> D:\Year one\Programming techniques\Paint\Project\Phase1 - Code F23\Phase1 - Code F22\Debug\PT Project.exe
